<?xml version="1.0" encoding="UTF-8"?>
<!-- Generated by org.testng.reporters.JUnitXMLReporter -->
<testsuite ignored="0" hostname="DESKTOP-C6SQIIN" failures="0" tests="3" name="LoginTest" time="29.321" errors="0" timestamp="23 Mar 2022 16:10:09 GMT">
  <testcase classname="test.LoginTest" name="validUserShouldBeAbleToLogin" time="4.334"/>
  <testcase classname="test.AddCustomerTest" name="validUserShouldBeAbleToCreateCustomer" time="9.551"/>
  <testcase classname="test.ListCustomersTest" name="validUserShouldBeAbleToAddCustomerFromListCustomer" time="15.397"/>
</testsuite> <!-- LoginTest -->
