<?xml version="1.0" encoding="UTF-8"?>
<testng-results ignored="0" total="3" passed="3" failed="0" skipped="0">
  <reporter-output>
  </reporter-output>
  <suite started-at="2022-03-23T16:09:39Z" name="regression" finished-at="2022-03-23T16:10:08Z" duration-ms="29321">
    <groups>
    </groups>
    <test started-at="2022-03-23T16:09:39Z" name="LoginTest" finished-at="2022-03-23T16:10:08Z" duration-ms="29321">
      <class name="test.AddCustomerTest">
        <test-method signature="validUserShouldBeAbleToCreateCustomer(java.lang.String, java.lang.String, java.lang.String, java.lang.String, java.lang.String, java.lang.String, java.lang.String, java.lang.String, java.lang.String, java.lang.String, java.lang.String)[pri:0, instance:test.AddCustomerTest@2de23121]" started-at="2022-03-23T16:09:44Z" name="validUserShouldBeAbleToCreateCustomer" finished-at="2022-03-23T16:09:53Z" duration-ms="9551" status="PASS">
          <params>
            <param index="0">
              <value>
                <![CDATA[demo@techfios.com]]>
              </value>
            </param>
            <param index="1">
              <value>
                <![CDATA[abc123]]>
              </value>
            </param>
            <param index="2">
              <value>
                <![CDATA[Excel Projet]]>
              </value>
            </param>
            <param index="3">
              <value>
                <![CDATA[Techfios]]>
              </value>
            </param>
            <param index="4">
              <value>
                <![CDATA[ms1excell@gmail.com]]>
              </value>
            </param>
            <param index="5">
              <value>
                <![CDATA[231546]]>
              </value>
            </param>
            <param index="6">
              <value>
                <![CDATA[Techfios Building]]>
              </value>
            </param>
            <param index="7">
              <value>
                <![CDATA[Carrolton]]>
              </value>
            </param>
            <param index="8">
              <value>
                <![CDATA[TX]]>
              </value>
            </param>
            <param index="9">
              <value>
                <![CDATA[75009]]>
              </value>
            </param>
            <param index="10">
              <value>
                <![CDATA[United Kingdom]]>
              </value>
            </param>
          </params>
          <reporter-output>
          </reporter-output>
        </test-method> <!-- validUserShouldBeAbleToCreateCustomer -->
      </class> <!-- test.AddCustomerTest -->
      <class name="test.LoginTest">
        <test-method signature="validUserShouldBeAbleToLogin(java.lang.String, java.lang.String)[pri:0, instance:test.LoginTest@22fcf7ab]" started-at="2022-03-23T16:09:39Z" name="validUserShouldBeAbleToLogin" finished-at="2022-03-23T16:09:44Z" duration-ms="4334" status="PASS">
          <params>
            <param index="0">
              <value>
                <![CDATA[demo@techfios.com]]>
              </value>
            </param>
            <param index="1">
              <value>
                <![CDATA[abc123]]>
              </value>
            </param>
          </params>
          <reporter-output>
          </reporter-output>
        </test-method> <!-- validUserShouldBeAbleToLogin -->
      </class> <!-- test.LoginTest -->
      <class name="test.ListCustomersTest">
        <test-method signature="validUserShouldBeAbleToAddCustomerFromListCustomer(java.lang.String, java.lang.String, java.lang.String, java.lang.String, java.lang.String, java.lang.String, java.lang.String, java.lang.String, java.lang.String, java.lang.String, java.lang.String)[pri:0, instance:test.ListCustomersTest@63475ace]" started-at="2022-03-23T16:09:53Z" name="validUserShouldBeAbleToAddCustomerFromListCustomer" finished-at="2022-03-23T16:10:08Z" duration-ms="15397" status="PASS">
          <params>
            <param index="0">
              <value>
                <![CDATA[demo@techfios.com]]>
              </value>
            </param>
            <param index="1">
              <value>
                <![CDATA[abc123]]>
              </value>
            </param>
            <param index="2">
              <value>
                <![CDATA[Excel Projet]]>
              </value>
            </param>
            <param index="3">
              <value>
                <![CDATA[Techfios]]>
              </value>
            </param>
            <param index="4">
              <value>
                <![CDATA[ms1excell@gmail.com]]>
              </value>
            </param>
            <param index="5">
              <value>
                <![CDATA[231546]]>
              </value>
            </param>
            <param index="6">
              <value>
                <![CDATA[Techfios Building]]>
              </value>
            </param>
            <param index="7">
              <value>
                <![CDATA[Carrolton]]>
              </value>
            </param>
            <param index="8">
              <value>
                <![CDATA[TX]]>
              </value>
            </param>
            <param index="9">
              <value>
                <![CDATA[75009]]>
              </value>
            </param>
            <param index="10">
              <value>
                <![CDATA[United Kingdom]]>
              </value>
            </param>
          </params>
          <reporter-output>
          </reporter-output>
        </test-method> <!-- validUserShouldBeAbleToAddCustomerFromListCustomer -->
      </class> <!-- test.ListCustomersTest -->
    </test> <!-- LoginTest -->
  </suite> <!-- regression -->
</testng-results>
